Using /nfs/stak/students/q/quinnsa/ansible/ansible.cfg as config file

PLAY ***************************************************************************

TASK [setup] *******************************************************************
ok: [cs312]

TASK [cs312 : Install epel-release] ********************************************
ok: [cs312] => {"changed": false, "msg": "", "rc": 0, "results": ["epel-release-7-5.noarch providing epel-release is already installed"]}

TASK [cs312 : nstall httpd] ****************************************************
ok: [cs312] => {"changed": false, "msg": "", "rc": 0, "results": ["httpd-2.4.6-40.el7.centos.x86_64 providing httpd is already installed"]}

TASK [cs312 : Install git] *****************************************************
ok: [cs312] => {"changed": false, "msg": "", "rc": 0, "results": ["git-1.8.3.1-6.el7.x86_64 providing git is already installed"]}

TASK [cs312 : Install python-pip] **********************************************
ok: [cs312] => {"changed": false, "msg": "", "rc": 0, "results": ["python-pip-7.1.0-1.el7.noarch providing python-pip is already installed"]}

TASK [cs312 : Install python-virtualenv] ***************************************
ok: [cs312] => {"changed": false, "msg": "", "rc": 0, "results": ["python-virtualenv-1.10.1-2.el7.noarch providing python-virtualenv is already installed"]}

TASK [cs312 : Start http] ******************************************************
ok: [cs312] => {"changed": false, "enabled": true, "name": "httpd", "state": "started"}

TASK [cs312 : Adding user cs312] ***********************************************
ok: [cs312] => {"append": false, "changed": false, "comment": "", "group": 1001, "home": "/home/cs312", "move_home": false, "name": "cs312", "shell": "/bin/bash", "state": "present", "uid": 1001}

TASK [cs312 : Cloning git repository] ******************************************
ok: [cs312] => {"after": "fb6f74290329a1d904aa5fc247f8142b1ad8b2b8", "before": "fb6f74290329a1d904aa5fc247f8142b1ad8b2b8", "changed": false}

TASK [cs312 : Run script] ******************************************************
changed: [cs312] => {"changed": true, "cmd": "/var/www/cs312/scripts/build.sh", "delta": "0:00:10.452748", "end": "2016-02-24 07:16:40.616102", "rc": 0, "start": "2016-02-24 07:16:30.163354", "stderr": "Already on 'master'", "stdout": "Requirement already satisfied (use --upgrade to upgrade): alabaster==0.7.7 in ./venv/lib/python2.7/site-packages (from -r requirements.txt (line 1))\nRequirement already satisfied (use --upgrade to upgrade): Babel==2.2.0 in ./venv/lib/python2.7/site-packages (from -r requirements.txt (line 2))\nRequirement already satisfied (use --upgrade to upgrade): docutils==0.12 in ./venv/lib/python2.7/site-packages (from -r requirements.txt (line 3))\nRequirement already satisfied (use --upgrade to upgrade): hieroglyph==0.7.1 in ./venv/lib/python2.7/site-packages (from -r requirements.txt (line 4))\nRequirement already satisfied (use --upgrade to upgrade): Jinja2==2.8 in ./venv/lib/python2.7/site-packages (from -r requirements.txt (line 5))\nRequirement already satisfied (use --upgrade to upgrade): MarkupSafe==0.23 in ./venv/lib/python2.7/site-packages (from -r requirements.txt (line 6))\nDownloading/unpacking Pillow==3.1.1 (from -r requirements.txt (line 7))\n  Running setup.py egg_info for package Pillow\n    Single threaded build, not installing mp_compile:1 processes\n    \n    warning: no previously-included files found matching '.editorconfig'\nDownloading/unpacking Pygments==2.1.1 (from -r requirements.txt (line 8))\n  Running setup.py egg_info for package Pygments\n    \nDownloading/unpacking pyparsing==2.1.0 (from -r requirements.txt (line 9))\n  Running setup.py egg_info for package pyparsing\n    \nDownloading/unpacking pytz==2015.7 (from -r requirements.txt (line 10))\n  Running setup.py egg_info for package pytz\n    \nDownloading/unpacking six==1.10.0 (from -r requirements.txt (line 11))\n  Downloading six-1.10.0.tar.gz\n  Running setup.py egg_info for package six\n    \n    no previously-included directories found matching 'documentation/_build'\nDownloading/unpacking snowballstemmer==1.2.1 (from -r requirements.txt (line 12))\n  Running setup.py egg_info for package snowballstemmer\n    \n    warning: no files found matching '*.py' under directory 'src'\nDownloading/unpacking Sphinx==1.3.5 (from -r requirements.txt (line 13))\n  Running setup.py egg_info for package Sphinx\n    \n    warning: no files found matching 'TODO'\n    no previously-included directories found matching 'doc/_build'\nDownloading/unpacking sphinx-rtd-theme==0.1.9 (from -r requirements.txt (line 14))\n  Running setup.py egg_info for package sphinx-rtd-theme\n    \nDownloading/unpacking wheel==0.24.0 (from -r requirements.txt (line 15))\n  Running setup.py egg_info for package wheel\n    \n    no previously-included directories found matching 'wheel/test/*/dist'\n    no previously-included directories found matching 'wheel/test/*/build'\nRequirement already satisfied (use --upgrade to upgrade): setuptools in ./venv/lib/python2.7/site-packages (from hieroglyph==0.7.1->-r requirements.txt (line 4))\nInstalling collected packages: Pillow, Pygments, pyparsing, pytz, six, snowballstemmer, Sphinx, sphinx-rtd-theme, wheel\n  Running setup.py install for Pillow\n    Single threaded build, not installing mp_compile:1 processes\n    \n    warning: no previously-included files found matching '.editorconfig'\n    Traceback (most recent call last):\n      File \"<string>\", line 1, in <module>\n      File \"/var/www/cs312/venv/build/Pillow/setup.py\", line 767, in <module>\n        zip_safe=not debug_build(),\n      File \"/usr/lib64/python2.7/distutils/core.py\", line 152, in setup\n        dist.run_commands()\n      File \"/usr/lib64/python2.7/distutils/dist.py\", line 953, in run_commands\n        self.run_command(cmd)\n      File \"/usr/lib64/python2.7/distutils/dist.py\", line 972, in run_command\n        cmd_obj.run()\n      File \"/var/www/cs312/venv/lib/python2.7/site-packages/setuptools/command/install.py\", line 53, in run\n        return _install.run(self)\n      File \"/usr/lib64/python2.7/distutils/command/install.py\", line 563, in run\n        self.run_command('build')\n      File \"/usr/lib64/python2.7/distutils/cmd.py\", line 326, in run_command\n        self.distribution.run_command(command)\n      File \"/usr/lib64/python2.7/distutils/dist.py\", line 972, in run_command\n        cmd_obj.run()\n      File \"/usr/lib64/python2.7/distutils/command/build.py\", line 127, in run\n        self.run_command(cmd_name)\n      File \"/usr/lib64/python2.7/distutils/cmd.py\", line 326, in run_command\n        self.distribution.run_command(command)\n      File \"/usr/lib64/python2.7/distutils/dist.py\", line 972, in run_command\n        cmd_obj.run()\n      File \"/usr/lib64/python2.7/distutils/command/build_ext.py\", line 339, in run\n        self.build_extensions()\n      File \"/var/www/cs312/venv/build/Pillow/setup.py\", line 516, in build_extensions\n        (f, f))\n    ValueError: jpeg is required unless explicitly disabled using --disable-jpeg, aborting\n    Complete output from command /var/www/cs312/venv/bin/python -c \"import setuptools;__file__='/var/www/cs312/venv/build/Pillow/setup.py';exec(compile(open(__file__).read().replace('\\r\\n', '\\n'), __file__, 'exec'))\" install --record /tmp/pip-gK46Ak-record/install-record.txt --single-version-externally-managed --install-headers /var/www/cs312/venv/include/site/python2.7:\n    Single threaded build, not installing mp_compile:1 processes\n\nrunning install\n\nrunning build\n\nrunning build_py\n\ncreating build\n\ncreating build/lib.linux-x86_64-2.7\n\ncreating build/lib.linux-x86_64-2.7/PIL\n\ncopying PIL/ContainerIO.py -> build/lib.linux-x86_64-2.7/PIL\n\ncopying PIL/ExifTags.py -> build/lib.linux-x86_64-2.7/PIL\n\ncopying PIL/ImtImagePlugin.py -> build/lib.linux-x86_64-2.7/PIL\n\ncopying PIL/_binary.py -> build/lib.linux-x86_64-2.7/PIL\n\ncopying PIL/PpmImagePlugin.py -> build/lib.linux-x86_64-2.7/PIL\n\ncopying PIL/Jpeg2KImagePlugin.py -> build/lib.linux-x86_64-2.7/PIL\n\ncopying PIL/ImageChops.py -> build/lib.linux-x86_64-2.7/PIL\n\ncopying PIL/BdfFontFile.py -> build/lib.linux-x86_64-2.7/PIL\n\ncopying PIL/MspImagePlugin.py -> build/lib.linux-x86_64-2.7/PIL\n\ncopying PIL/TgaImagePlugin.py -> build/lib.linux-x86_64-2.7/PIL\n\ncopying PIL/EpsImagePlugin.py -> build/lib.linux-x86_64-2.7/PIL\n\ncopying PIL/IcnsImagePlugin.py -> build/lib.linux-x86_64-2.7/PIL\n\ncopying PIL/GdImageFile.py -> build/lib.linux-x86_64-2.7/PIL\n\ncopying PIL/PcdImagePlugin.py -> build/lib.linux-x86_64-2.7/PIL\n\ncopying PIL/IcoImagePlugin.py -> build/lib.linux-x86_64-2.7/PIL\n\ncopying PIL/SgiImagePlugin.py -> build/lib.linux-x86_64-2.7/PIL\n\ncopying PIL/WebPImagePlugin.py -> build/lib.linux-x86_64-2.7/PIL\n\ncopying PIL/MicImagePlugin.py -> build/lib.linux-x86_64-2.7/PIL\n\ncopying PIL/ImageMode.py -> build/lib.linux-x86_64-2.7/PIL\n\ncopying PIL/ImageCms.py -> build/lib.linux-x86_64-2.7/PIL\n\ncopying PIL/IptcImagePlugin.py -> build/lib.linux-x86_64-2.7/PIL\n\ncopying PIL/ImageMath.py -> build/lib.linux-x86_64-2.7/PIL\n\ncopying PIL/PcfFontFile.py -> build/lib.linux-x86_64-2.7/PIL\n\ncopying PIL/FontFile.py -> build/lib.linux-x86_64-2.7/PIL\n\ncopying PIL/XpmImagePlugin.py -> build/lib.linux-x86_64-2.7/PIL\n\ncopying PIL/CurImagePlugin.py -> build/lib.linux-x86_64-2.7/PIL\n\ncopying PIL/ImageColor.py -> build/lib.linux-x86_64-2.7/PIL\n\ncopying PIL/MpoImagePlugin.py -> build/lib.linux-x86_64-2.7/PIL\n\ncopying PIL/WmfImagePlugin.py -> build/lib.linux-x86_64-2.7/PIL\n\ncopying PIL/PixarImagePlugin.py -> build/lib.linux-x86_64-2.7/PIL\n\ncopying PIL/ImageSequence.py -> build/lib.linux-x86_64-2.7/PIL\n\ncopying PIL/__init__.py -> build/lib.linux-x86_64-2.7/PIL\n\ncopying PIL/_util.py -> build/lib.linux-x86_64-2.7/PIL\n\ncopying PIL/ImImagePlugin.py -> build/lib.linux-x86_64-2.7/PIL\n\ncopying PIL/ImageTransform.py -> build/lib.linux-x86_64-2.7/PIL\n\ncopying PIL/ImageEnhance.py -> build/lib.linux-x86_64-2.7/PIL\n\ncopying PIL/PSDraw.py -> build/lib.linux-x86_64-2.7/PIL\n\ncopying PIL/WalImageFile.py -> build/lib.linux-x86_64-2.7/PIL\n\ncopying PIL/FitsStubImagePlugin.py -> build/lib.linux-x86_64-2.7/PIL\n\ncopying PIL/ImageGrab.py -> build/lib.linux-x86_64-2.7/PIL\n\ncopying PIL/PcxImagePlugin.py -> build/lib.linux-x86_64-2.7/PIL\n\ncopying PIL/FliImagePlugin.py -> build/lib.linux-x86_64-2.7/PIL\n\ncopying PIL/XVThumbImagePlugin.py -> build/lib.linux-x86_64-2.7/PIL\n\ncopying PIL/PsdImagePlugin.py -> build/lib.linux-x86_64-2.7/PIL\n\ncopying PIL/ImageQt.py -> build/lib.linux-x86_64-2.7/PIL\n\ncopying PIL/MpegImagePlugin.py -> build/lib.linux-x86_64-2.7/PIL\n\ncopying PIL/ImageWin.py -> build/lib.linux-x86_64-2.7/PIL\n\ncopying PIL/ImageFont.py -> build/lib.linux-x86_64-2.7/PIL\n\ncopying PIL/McIdasImagePlugin.py -> build/lib.linux-x86_64-2.7/PIL\n\ncopying PIL/PalmImagePlugin.py -> build/lib.linux-x86_64-2.7/PIL\n\ncopying PIL/OleFileIO.py -> build/lib.linux-x86_64-2.7/PIL\n\ncopying PIL/TiffTags.py -> build/lib.linux-x86_64-2.7/PIL\n\ncopying PIL/SunImagePlugin.py -> build/lib.linux-x86_64-2.7/PIL\n\ncopying PIL/GimpGradientFile.py -> build/lib.linux-x86_64-2.7/PIL\n\ncopying PIL/ImageShow.py -> build/lib.linux-x86_64-2.7/PIL\n\ncopying PIL/GribStubImagePlugin.py -> build/lib.linux-x86_64-2.7/PIL\n\ncopying PIL/ImageStat.py -> build/lib.linux-x86_64-2.7/PIL\n\ncopying PIL/BufrStubImagePlugin.py -> build/lib.linux-x86_64-2.7/PIL\n\ncopying PIL/ImageDraw.py -> build/lib.linux-x86_64-2.7/PIL\n\ncopying PIL/ImagePath.py -> build/lib.linux-x86_64-2.7/PIL\n\ncopying PIL/ImageTk.py -> build/lib.linux-x86_64-2.7/PIL\n\ncopying PIL/SpiderImagePlugin.py -> build/lib.linux-x86_64-2.7/PIL\n\ncopying PIL/ImageFile.py -> build/lib.linux-x86_64-2.7/PIL\n\ncopying PIL/JpegImagePlugin.py -> build/lib.linux-x86_64-2.7/PIL\n\ncopying PIL/Image.py -> build/lib.linux-x86_64-2.7/PIL\n\ncopying PIL/Hdf5StubImagePlugin.py -> build/lib.linux-x86_64-2.7/PIL\n\ncopying PIL/ImageOps.py -> build/lib.linux-x86_64-2.7/PIL\n\ncopying PIL/ImagePalette.py -> build/lib.linux-x86_64-2.7/PIL\n\ncopying PIL/TiffImagePlugin.py -> build/lib.linux-x86_64-2.7/PIL\n\ncopying PIL/XbmImagePlugin.py -> build/lib.linux-x86_64-2.7/PIL\n\ncopying PIL/ImageFilter.py -> build/lib.linux-x86_64-2.7/PIL\n\ncopying PIL/BmpImagePlugin.py -> build/lib.linux-x86_64-2.7/PIL\n\ncopying PIL/PyAccess.py -> build/lib.linux-x86_64-2.7/PIL\n\ncopying PIL/features.py -> build/lib.linux-x86_64-2.7/PIL\n\ncopying PIL/PaletteFile.py -> build/lib.linux-x86_64-2.7/PIL\n\ncopying PIL/PngImagePlugin.py -> build/lib.linux-x86_64-2.7/PIL\n\ncopying PIL/FpxImagePlugin.py -> build/lib.linux-x86_64-2.7/PIL\n\ncopying PIL/GimpPaletteFile.py -> build/lib.linux-x86_64-2.7/PIL\n\ncopying PIL/PdfImagePlugin.py -> build/lib.linux-x86_64-2.7/PIL\n\ncopying PIL/JpegPresets.py -> build/lib.linux-x86_64-2.7/PIL\n\ncopying PIL/ImageDraw2.py -> build/lib.linux-x86_64-2.7/PIL\n\ncopying PIL/DcxImagePlugin.py -> build/lib.linux-x86_64-2.7/PIL\n\ncopying PIL/ImageMorph.py -> build/lib.linux-x86_64-2.7/PIL\n\ncopying PIL/TarIO.py -> build/lib.linux-x86_64-2.7/PIL\n\ncopying PIL/GbrImagePlugin.py -> build/lib.linux-x86_64-2.7/PIL\n\ncopying PIL/GifImagePlugin.py -> build/lib.linux-x86_64-2.7/PIL\n\nrunning egg_info\n\nwriting Pillow.egg-info/PKG-INFO\n\nwriting top-level names to Pillow.egg-info/top_level.txt\n\nwriting dependency_links to Pillow.egg-info/dependency_links.txt\n\nwarning: manifest_maker: standard file '-c' not found\n\n\n\nreading manifest file 'Pillow.egg-info/SOURCES.txt'\n\nreading manifest template 'MANIFEST.in'\n\nwarning: no previously-included files found matching '.editorconfig'\n\nwriting manifest file 'Pillow.egg-info/SOURCES.txt'\n\ncopying PIL/OleFileIO-README.md -> build/lib.linux-x86_64-2.7/PIL\n\nrunning build_ext\n\nTraceback (most recent call last):\n\n  File \"<string>\", line 1, in <module>\n\n  File \"/var/www/cs312/venv/build/Pillow/setup.py\", line 767, in <module>\n\n    zip_safe=not debug_build(),\n\n  File \"/usr/lib64/python2.7/distutils/core.py\", line 152, in setup\n\n    dist.run_commands()\n\n  File \"/usr/lib64/python2.7/distutils/dist.py\", line 953, in run_commands\n\n    self.run_command(cmd)\n\n  File \"/usr/lib64/python2.7/distutils/dist.py\", line 972, in run_command\n\n    cmd_obj.run()\n\n  File \"/var/www/cs312/venv/lib/python2.7/site-packages/setuptools/command/install.py\", line 53, in run\n\n    return _install.run(self)\n\n  File \"/usr/lib64/python2.7/distutils/command/install.py\", line 563, in run\n\n    self.run_command('build')\n\n  File \"/usr/lib64/python2.7/distutils/cmd.py\", line 326, in run_command\n\n    self.distribution.run_command(command)\n\n  File \"/usr/lib64/python2.7/distutils/dist.py\", line 972, in run_command\n\n    cmd_obj.run()\n\n  File \"/usr/lib64/python2.7/distutils/command/build.py\", line 127, in run\n\n    self.run_command(cmd_name)\n\n  File \"/usr/lib64/python2.7/distutils/cmd.py\", line 326, in run_command\n\n    self.distribution.run_command(command)\n\n  File \"/usr/lib64/python2.7/distutils/dist.py\", line 972, in run_command\n\n    cmd_obj.run()\n\n  File \"/usr/lib64/python2.7/distutils/command/build_ext.py\", line 339, in run\n\n    self.build_extensions()\n\n  File \"/var/www/cs312/venv/build/Pillow/setup.py\", line 516, in build_extensions\n\n    (f, f))\n\nValueError: jpeg is required unless explicitly disabled using --disable-jpeg, aborting\n\n----------------------------------------\nCleaning up...\nCommand /var/www/cs312/venv/bin/python -c \"import setuptools;__file__='/var/www/cs312/venv/build/Pillow/setup.py';exec(compile(open(__file__).read().replace('\\r\\n', '\\n'), __file__, 'exec'))\" install --record /tmp/pip-gK46Ak-record/install-record.txt --single-version-externally-managed --install-headers /var/www/cs312/venv/include/site/python2.7 failed with error code 1 in /var/www/cs312/venv/build/Pillow\nStoring complete log in /root/.pip/pip.log\nsphinx-build -b slides -d build/slide-doctrees  -W -c source source/slides build/html/slides\nRunning Sphinx v1.3.5\nloading pickled environment... done\nloading intersphinx inventory from http://cs312.osuosl.org/slides/objects.inv...\nloading intersphinx inventory from http://cs312.osuosl.org/objects.inv...\nbuilding [mo]: targets for 0 po files that are out of date\nbuilding [slides]: targets for 0 source files that are out of date\nupdating environment: 0 added, 0 changed, 0 removed\nlooking for now-outdated files... none found\nno targets are out of date.\nbuild succeeded.\nBuild finished. The HTML slides are in build/html/slides.\nsphinx-build -b html -d build/doctrees  -W source build/html\nRunning Sphinx v1.3.5\nloading pickled environment... done\nloading intersphinx inventory from http://cs312.osuosl.org/slides/objects.inv...\nloading intersphinx inventory from http://cs312.osuosl.org/objects.inv...\nbuilding [mo]: targets for 0 po files that are out of date\nbuilding [html]: targets for 0 source files that are out of date\nupdating environment: 0 added, 0 changed, 0 removed\nlooking for now-outdated files... none found\nno targets are out of date.\nbuild succeeded.\n\nBuild finished. The HTML pages are in build/html.", "stdout_lines": ["Requirement already satisfied (use --upgrade to upgrade): alabaster==0.7.7 in ./venv/lib/python2.7/site-packages (from -r requirements.txt (line 1))", "Requirement already satisfied (use --upgrade to upgrade): Babel==2.2.0 in ./venv/lib/python2.7/site-packages (from -r requirements.txt (line 2))", "Requirement already satisfied (use --upgrade to upgrade): docutils==0.12 in ./venv/lib/python2.7/site-packages (from -r requirements.txt (line 3))", "Requirement already satisfied (use --upgrade to upgrade): hieroglyph==0.7.1 in ./venv/lib/python2.7/site-packages (from -r requirements.txt (line 4))", "Requirement already satisfied (use --upgrade to upgrade): Jinja2==2.8 in ./venv/lib/python2.7/site-packages (from -r requirements.txt (line 5))", "Requirement already satisfied (use --upgrade to upgrade): MarkupSafe==0.23 in ./venv/lib/python2.7/site-packages (from -r requirements.txt (line 6))", "Downloading/unpacking Pillow==3.1.1 (from -r requirements.txt (line 7))", "  Running setup.py egg_info for package Pillow", "    Single threaded build, not installing mp_compile:1 processes", "    ", "    warning: no previously-included files found matching '.editorconfig'", "Downloading/unpacking Pygments==2.1.1 (from -r requirements.txt (line 8))", "  Running setup.py egg_info for package Pygments", "    ", "Downloading/unpacking pyparsing==2.1.0 (from -r requirements.txt (line 9))", "  Running setup.py egg_info for package pyparsing", "    ", "Downloading/unpacking pytz==2015.7 (from -r requirements.txt (line 10))", "  Running setup.py egg_info for package pytz", "    ", "Downloading/unpacking six==1.10.0 (from -r requirements.txt (line 11))", "  Downloading six-1.10.0.tar.gz", "  Running setup.py egg_info for package six", "    ", "    no previously-included directories found matching 'documentation/_build'", "Downloading/unpacking snowballstemmer==1.2.1 (from -r requirements.txt (line 12))", "  Running setup.py egg_info for package snowballstemmer", "    ", "    warning: no files found matching '*.py' under directory 'src'", "Downloading/unpacking Sphinx==1.3.5 (from -r requirements.txt (line 13))", "  Running setup.py egg_info for package Sphinx", "    ", "    warning: no files found matching 'TODO'", "    no previously-included directories found matching 'doc/_build'", "Downloading/unpacking sphinx-rtd-theme==0.1.9 (from -r requirements.txt (line 14))", "  Running setup.py egg_info for package sphinx-rtd-theme", "    ", "Downloading/unpacking wheel==0.24.0 (from -r requirements.txt (line 15))", "  Running setup.py egg_info for package wheel", "    ", "    no previously-included directories found matching 'wheel/test/*/dist'", "    no previously-included directories found matching 'wheel/test/*/build'", "Requirement already satisfied (use --upgrade to upgrade): setuptools in ./venv/lib/python2.7/site-packages (from hieroglyph==0.7.1->-r requirements.txt (line 4))", "Installing collected packages: Pillow, Pygments, pyparsing, pytz, six, snowballstemmer, Sphinx, sphinx-rtd-theme, wheel", "  Running setup.py install for Pillow", "    Single threaded build, not installing mp_compile:1 processes", "    ", "    warning: no previously-included files found matching '.editorconfig'", "    Traceback (most recent call last):", "      File \"<string>\", line 1, in <module>", "      File \"/var/www/cs312/venv/build/Pillow/setup.py\", line 767, in <module>", "        zip_safe=not debug_build(),", "      File \"/usr/lib64/python2.7/distutils/core.py\", line 152, in setup", "        dist.run_commands()", "      File \"/usr/lib64/python2.7/distutils/dist.py\", line 953, in run_commands", "        self.run_command(cmd)", "      File \"/usr/lib64/python2.7/distutils/dist.py\", line 972, in run_command", "        cmd_obj.run()", "      File \"/var/www/cs312/venv/lib/python2.7/site-packages/setuptools/command/install.py\", line 53, in run", "        return _install.run(self)", "      File \"/usr/lib64/python2.7/distutils/command/install.py\", line 563, in run", "        self.run_command('build')", "      File \"/usr/lib64/python2.7/distutils/cmd.py\", line 326, in run_command", "        self.distribution.run_command(command)", "      File \"/usr/lib64/python2.7/distutils/dist.py\", line 972, in run_command", "        cmd_obj.run()", "      File \"/usr/lib64/python2.7/distutils/command/build.py\", line 127, in run", "        self.run_command(cmd_name)", "      File \"/usr/lib64/python2.7/distutils/cmd.py\", line 326, in run_command", "        self.distribution.run_command(command)", "      File \"/usr/lib64/python2.7/distutils/dist.py\", line 972, in run_command", "        cmd_obj.run()", "      File \"/usr/lib64/python2.7/distutils/command/build_ext.py\", line 339, in run", "        self.build_extensions()", "      File \"/var/www/cs312/venv/build/Pillow/setup.py\", line 516, in build_extensions", "        (f, f))", "    ValueError: jpeg is required unless explicitly disabled using --disable-jpeg, aborting", "    Complete output from command /var/www/cs312/venv/bin/python -c \"import setuptools;__file__='/var/www/cs312/venv/build/Pillow/setup.py';exec(compile(open(__file__).read().replace('\\r\\n', '\\n'), __file__, 'exec'))\" install --record /tmp/pip-gK46Ak-record/install-record.txt --single-version-externally-managed --install-headers /var/www/cs312/venv/include/site/python2.7:", "    Single threaded build, not installing mp_compile:1 processes", "", "running install", "", "running build", "", "running build_py", "", "creating build", "", "creating build/lib.linux-x86_64-2.7", "", "creating build/lib.linux-x86_64-2.7/PIL", "", "copying PIL/ContainerIO.py -> build/lib.linux-x86_64-2.7/PIL", "", "copying PIL/ExifTags.py -> build/lib.linux-x86_64-2.7/PIL", "", "copying PIL/ImtImagePlugin.py -> build/lib.linux-x86_64-2.7/PIL", "", "copying PIL/_binary.py -> build/lib.linux-x86_64-2.7/PIL", "", "copying PIL/PpmImagePlugin.py -> build/lib.linux-x86_64-2.7/PIL", "", "copying PIL/Jpeg2KImagePlugin.py -> build/lib.linux-x86_64-2.7/PIL", "", "copying PIL/ImageChops.py -> build/lib.linux-x86_64-2.7/PIL", "", "copying PIL/BdfFontFile.py -> build/lib.linux-x86_64-2.7/PIL", "", "copying PIL/MspImagePlugin.py -> build/lib.linux-x86_64-2.7/PIL", "", "copying PIL/TgaImagePlugin.py -> build/lib.linux-x86_64-2.7/PIL", "", "copying PIL/EpsImagePlugin.py -> build/lib.linux-x86_64-2.7/PIL", "", "copying PIL/IcnsImagePlugin.py -> build/lib.linux-x86_64-2.7/PIL", "", "copying PIL/GdImageFile.py -> build/lib.linux-x86_64-2.7/PIL", "", "copying PIL/PcdImagePlugin.py -> build/lib.linux-x86_64-2.7/PIL", "", "copying PIL/IcoImagePlugin.py -> build/lib.linux-x86_64-2.7/PIL", "", "copying PIL/SgiImagePlugin.py -> build/lib.linux-x86_64-2.7/PIL", "", "copying PIL/WebPImagePlugin.py -> build/lib.linux-x86_64-2.7/PIL", "", "copying PIL/MicImagePlugin.py -> build/lib.linux-x86_64-2.7/PIL", "", "copying PIL/ImageMode.py -> build/lib.linux-x86_64-2.7/PIL", "", "copying PIL/ImageCms.py -> build/lib.linux-x86_64-2.7/PIL", "", "copying PIL/IptcImagePlugin.py -> build/lib.linux-x86_64-2.7/PIL", "", "copying PIL/ImageMath.py -> build/lib.linux-x86_64-2.7/PIL", "", "copying PIL/PcfFontFile.py -> build/lib.linux-x86_64-2.7/PIL", "", "copying PIL/FontFile.py -> build/lib.linux-x86_64-2.7/PIL", "", "copying PIL/XpmImagePlugin.py -> build/lib.linux-x86_64-2.7/PIL", "", "copying PIL/CurImagePlugin.py -> build/lib.linux-x86_64-2.7/PIL", "", "copying PIL/ImageColor.py -> build/lib.linux-x86_64-2.7/PIL", "", "copying PIL/MpoImagePlugin.py -> build/lib.linux-x86_64-2.7/PIL", "", "copying PIL/WmfImagePlugin.py -> build/lib.linux-x86_64-2.7/PIL", "", "copying PIL/PixarImagePlugin.py -> build/lib.linux-x86_64-2.7/PIL", "", "copying PIL/ImageSequence.py -> build/lib.linux-x86_64-2.7/PIL", "", "copying PIL/__init__.py -> build/lib.linux-x86_64-2.7/PIL", "", "copying PIL/_util.py -> build/lib.linux-x86_64-2.7/PIL", "", "copying PIL/ImImagePlugin.py -> build/lib.linux-x86_64-2.7/PIL", "", "copying PIL/ImageTransform.py -> build/lib.linux-x86_64-2.7/PIL", "", "copying PIL/ImageEnhance.py -> build/lib.linux-x86_64-2.7/PIL", "", "copying PIL/PSDraw.py -> build/lib.linux-x86_64-2.7/PIL", "", "copying PIL/WalImageFile.py -> build/lib.linux-x86_64-2.7/PIL", "", "copying PIL/FitsStubImagePlugin.py -> build/lib.linux-x86_64-2.7/PIL", "", "copying PIL/ImageGrab.py -> build/lib.linux-x86_64-2.7/PIL", "", "copying PIL/PcxImagePlugin.py -> build/lib.linux-x86_64-2.7/PIL", "", "copying PIL/FliImagePlugin.py -> build/lib.linux-x86_64-2.7/PIL", "", "copying PIL/XVThumbImagePlugin.py -> build/lib.linux-x86_64-2.7/PIL", "", "copying PIL/PsdImagePlugin.py -> build/lib.linux-x86_64-2.7/PIL", "", "copying PIL/ImageQt.py -> build/lib.linux-x86_64-2.7/PIL", "", "copying PIL/MpegImagePlugin.py -> build/lib.linux-x86_64-2.7/PIL", "", "copying PIL/ImageWin.py -> build/lib.linux-x86_64-2.7/PIL", "", "copying PIL/ImageFont.py -> build/lib.linux-x86_64-2.7/PIL", "", "copying PIL/McIdasImagePlugin.py -> build/lib.linux-x86_64-2.7/PIL", "", "copying PIL/PalmImagePlugin.py -> build/lib.linux-x86_64-2.7/PIL", "", "copying PIL/OleFileIO.py -> build/lib.linux-x86_64-2.7/PIL", "", "copying PIL/TiffTags.py -> build/lib.linux-x86_64-2.7/PIL", "", "copying PIL/SunImagePlugin.py -> build/lib.linux-x86_64-2.7/PIL", "", "copying PIL/GimpGradientFile.py -> build/lib.linux-x86_64-2.7/PIL", "", "copying PIL/ImageShow.py -> build/lib.linux-x86_64-2.7/PIL", "", "copying PIL/GribStubImagePlugin.py -> build/lib.linux-x86_64-2.7/PIL", "", "copying PIL/ImageStat.py -> build/lib.linux-x86_64-2.7/PIL", "", "copying PIL/BufrStubImagePlugin.py -> build/lib.linux-x86_64-2.7/PIL", "", "copying PIL/ImageDraw.py -> build/lib.linux-x86_64-2.7/PIL", "", "copying PIL/ImagePath.py -> build/lib.linux-x86_64-2.7/PIL", "", "copying PIL/ImageTk.py -> build/lib.linux-x86_64-2.7/PIL", "", "copying PIL/SpiderImagePlugin.py -> build/lib.linux-x86_64-2.7/PIL", "", "copying PIL/ImageFile.py -> build/lib.linux-x86_64-2.7/PIL", "", "copying PIL/JpegImagePlugin.py -> build/lib.linux-x86_64-2.7/PIL", "", "copying PIL/Image.py -> build/lib.linux-x86_64-2.7/PIL", "", "copying PIL/Hdf5StubImagePlugin.py -> build/lib.linux-x86_64-2.7/PIL", "", "copying PIL/ImageOps.py -> build/lib.linux-x86_64-2.7/PIL", "", "copying PIL/ImagePalette.py -> build/lib.linux-x86_64-2.7/PIL", "", "copying PIL/TiffImagePlugin.py -> build/lib.linux-x86_64-2.7/PIL", "", "copying PIL/XbmImagePlugin.py -> build/lib.linux-x86_64-2.7/PIL", "", "copying PIL/ImageFilter.py -> build/lib.linux-x86_64-2.7/PIL", "", "copying PIL/BmpImagePlugin.py -> build/lib.linux-x86_64-2.7/PIL", "", "copying PIL/PyAccess.py -> build/lib.linux-x86_64-2.7/PIL", "", "copying PIL/features.py -> build/lib.linux-x86_64-2.7/PIL", "", "copying PIL/PaletteFile.py -> build/lib.linux-x86_64-2.7/PIL", "", "copying PIL/PngImagePlugin.py -> build/lib.linux-x86_64-2.7/PIL", "", "copying PIL/FpxImagePlugin.py -> build/lib.linux-x86_64-2.7/PIL", "", "copying PIL/GimpPaletteFile.py -> build/lib.linux-x86_64-2.7/PIL", "", "copying PIL/PdfImagePlugin.py -> build/lib.linux-x86_64-2.7/PIL", "", "copying PIL/JpegPresets.py -> build/lib.linux-x86_64-2.7/PIL", "", "copying PIL/ImageDraw2.py -> build/lib.linux-x86_64-2.7/PIL", "", "copying PIL/DcxImagePlugin.py -> build/lib.linux-x86_64-2.7/PIL", "", "copying PIL/ImageMorph.py -> build/lib.linux-x86_64-2.7/PIL", "", "copying PIL/TarIO.py -> build/lib.linux-x86_64-2.7/PIL", "", "copying PIL/GbrImagePlugin.py -> build/lib.linux-x86_64-2.7/PIL", "", "copying PIL/GifImagePlugin.py -> build/lib.linux-x86_64-2.7/PIL", "", "running egg_info", "", "writing Pillow.egg-info/PKG-INFO", "", "writing top-level names to Pillow.egg-info/top_level.txt", "", "writing dependency_links to Pillow.egg-info/dependency_links.txt", "", "warning: manifest_maker: standard file '-c' not found", "", "", "", "reading manifest file 'Pillow.egg-info/SOURCES.txt'", "", "reading manifest template 'MANIFEST.in'", "", "warning: no previously-included files found matching '.editorconfig'", "", "writing manifest file 'Pillow.egg-info/SOURCES.txt'", "", "copying PIL/OleFileIO-README.md -> build/lib.linux-x86_64-2.7/PIL", "", "running build_ext", "", "Traceback (most recent call last):", "", "  File \"<string>\", line 1, in <module>", "", "  File \"/var/www/cs312/venv/build/Pillow/setup.py\", line 767, in <module>", "", "    zip_safe=not debug_build(),", "", "  File \"/usr/lib64/python2.7/distutils/core.py\", line 152, in setup", "", "    dist.run_commands()", "", "  File \"/usr/lib64/python2.7/distutils/dist.py\", line 953, in run_commands", "", "    self.run_command(cmd)", "", "  File \"/usr/lib64/python2.7/distutils/dist.py\", line 972, in run_command", "", "    cmd_obj.run()", "", "  File \"/var/www/cs312/venv/lib/python2.7/site-packages/setuptools/command/install.py\", line 53, in run", "", "    return _install.run(self)", "", "  File \"/usr/lib64/python2.7/distutils/command/install.py\", line 563, in run", "", "    self.run_command('build')", "", "  File \"/usr/lib64/python2.7/distutils/cmd.py\", line 326, in run_command", "", "    self.distribution.run_command(command)", "", "  File \"/usr/lib64/python2.7/distutils/dist.py\", line 972, in run_command", "", "    cmd_obj.run()", "", "  File \"/usr/lib64/python2.7/distutils/command/build.py\", line 127, in run", "", "    self.run_command(cmd_name)", "", "  File \"/usr/lib64/python2.7/distutils/cmd.py\", line 326, in run_command", "", "    self.distribution.run_command(command)", "", "  File \"/usr/lib64/python2.7/distutils/dist.py\", line 972, in run_command", "", "    cmd_obj.run()", "", "  File \"/usr/lib64/python2.7/distutils/command/build_ext.py\", line 339, in run", "", "    self.build_extensions()", "", "  File \"/var/www/cs312/venv/build/Pillow/setup.py\", line 516, in build_extensions", "", "    (f, f))", "", "ValueError: jpeg is required unless explicitly disabled using --disable-jpeg, aborting", "", "----------------------------------------", "Cleaning up...", "Command /var/www/cs312/venv/bin/python -c \"import setuptools;__file__='/var/www/cs312/venv/build/Pillow/setup.py';exec(compile(open(__file__).read().replace('\\r\\n', '\\n'), __file__, 'exec'))\" install --record /tmp/pip-gK46Ak-record/install-record.txt --single-version-externally-managed --install-headers /var/www/cs312/venv/include/site/python2.7 failed with error code 1 in /var/www/cs312/venv/build/Pillow", "Storing complete log in /root/.pip/pip.log", "sphinx-build -b slides -d build/slide-doctrees  -W -c source source/slides build/html/slides", "Running Sphinx v1.3.5", "loading pickled environment... done", "loading intersphinx inventory from http://cs312.osuosl.org/slides/objects.inv...", "loading intersphinx inventory from http://cs312.osuosl.org/objects.inv...", "building [mo]: targets for 0 po files that are out of date", "building [slides]: targets for 0 source files that are out of date", "updating environment: 0 added, 0 changed, 0 removed", "looking for now-outdated files... none found", "no targets are out of date.", "build succeeded.", "Build finished. The HTML slides are in build/html/slides.", "sphinx-build -b html -d build/doctrees  -W source build/html", "Running Sphinx v1.3.5", "loading pickled environment... done", "loading intersphinx inventory from http://cs312.osuosl.org/slides/objects.inv...", "loading intersphinx inventory from http://cs312.osuosl.org/objects.inv...", "building [mo]: targets for 0 po files that are out of date", "building [html]: targets for 0 source files that are out of date", "updating environment: 0 added, 0 changed, 0 removed", "looking for now-outdated files... none found", "no targets are out of date.", "build succeeded.", "", "Build finished. The HTML pages are in build/html."], "warnings": []}

TASK [cs312 : Symlinking CS312 to www/html] ************************************
changed: [cs312] => {"changed": true, "cmd": ["/bin/ln", "-s", "/var/www/cs312/build/html", "/var/www/html/cs312"], "delta": "0:00:00.002107", "end": "2016-02-24 07:16:40.881744", "rc": 0, "start": "2016-02-24 07:16:40.879637", "stderr": "", "stdout": "", "stdout_lines": [], "warnings": ["Consider using file module with state=link rather than running ln"]}

PLAY RECAP *********************************************************************
cs312                      : ok=11   changed=2    unreachable=0    failed=0   

